<?xml version="1.0" encoding="UTF-8" ?>
<testsuites>
  <testsuite errors="0" failures="1" hostname="srikanth-desktop" id="0" name="SeleniumCITest" package="com.ontestautomation.selenium.ci" skipped="0" tests="3" time="56.202" timestamp="2015-12-10T06:22:06">
      <properties>
[...]
</properties>

      <testcase classname="com.ontestautomation.selenium.ci.SeleniumCITest" name="incorrectLogin" time="20.31" />

      <testcase classname="com.ontestautomation.selenium.ci.SeleniumCITest" name="thisTestShouldFail" time="17.236">
          <failure message="expected:&lt;ParaBank | [Welcome] | Online Banking&gt; but was:&lt;ParaBank | [How are you today?] | Online Banking&gt;" type="junit.framework.AssertionFailedError">junit.framework.AssertionFailedError: expected:&lt;ParaBank | [Welcome] | Online Banking&gt; but was:&lt;ParaBank | [How are you today?] | Online Banking&gt;
	at com.ontestautomation.selenium.ci.SeleniumCITest.thisTestShouldFail(Unknown Source)
	at org.eclipse.ant.internal.launching.remote.EclipseDefaultExecutor.executeTargets(EclipseDefaultExecutor.java:36)
	at org.eclipse.ant.internal.launching.remote.InternalAntRunner.run(InternalAntRunner.java:452)
	at org.eclipse.ant.internal.launching.remote.InternalAntRunner.main(InternalAntRunner.java:139)
</failure>

      </testcase>

      <testcase classname="com.ontestautomation.selenium.ci.SeleniumCITest" name="successfulLoginLogout" time="18.547" />

      <system-out><![CDATA[]]></system-out>

      <system-err><![CDATA[]]></system-err>

  </testsuite>
</testsuites>
