<?xml version="1.0" encoding="UTF-8" ?>
<testsuite errors="0" failures="1" hostname="srikanth-desktop" name="com.ontestautomation.selenium.ci.TestSuite" skipped="0" tests="4" time="22.562" timestamp="2015-12-18T08:33:49">
  <properties>
[...]
</properties>
  <testcase classname="com.ontestautomation.selenium.ci.TestOne" name="testcaseOne" time="0.001" />
  <testcase classname="com.ontestautomation.selenium.ci.TestTwo" name="testcaseTwo" time="0.0" />
  <testcase classname="com.ontestautomation.selenium.ci.SeleniumCITest" name="thisTestShouldFail" time="9.781">
    <failure message="expected:&lt;ParaBank | [Welcome] | Online Banking&gt; but was:&lt;ParaBank | [How are you today?] | Online Banking&gt;" type="junit.framework.AssertionFailedError">junit.framework.AssertionFailedError: expected:&lt;ParaBank | [Welcome] | Online Banking&gt; but was:&lt;ParaBank | [How are you today?] | Online Banking&gt;
	at com.ontestautomation.selenium.ci.SeleniumCITest.thisTestShouldFail(Unknown Source)
	at org.eclipse.ant.internal.launching.remote.EclipseDefaultExecutor.executeTargets(EclipseDefaultExecutor.java:36)
	at org.eclipse.ant.internal.launching.remote.InternalAntRunner.run(InternalAntRunner.java:452)
	at org.eclipse.ant.internal.launching.remote.InternalAntRunner.main(InternalAntRunner.java:139)
</failure>
  </testcase>
  <testcase classname="com.ontestautomation.selenium.ci.SeleniumCITest" name="successfulLoginLogout" time="12.672" />
  <system-out><![CDATA[Hello im in test case one
Hello im in test case two
]]></system-out>
  <system-err><![CDATA[]]></system-err>
</testsuite>
